<?xml version="1.0" encoding="UTF-8"?>
<testsuite name="lateterm.Tests" tests="1" skipped="0" failures="0" errors="0" timestamp="2014-10-27T20:32:48" hostname="MacBookAir.local" time="0.002">
  <properties/>
  <testcase name="test29" classname="lateterm.Tests" time="0.002"/>
  <system-out><![CDATA[]]></system-out>
  <system-err><![CDATA[]]></system-err>
</testsuite>
